<?xml version="1.0" encoding="UTF-8"?>
<!-- Generated by org.testng.reporters.JUnitXMLReporter -->
<testsuite ignored="0" hostname="Naveen" failures="0" tests="2" name="OhrmApllicationtesting" time="38.255" errors="0" timestamp="21 Apr 2024 17:38:13 GMT">
  <testcase classname="com.OrangeHrmTestCases.Tc_001OrangeHrm_LoginPageTestCase" name="OrangeHrm_LoginPage_Test" time="8.561"/>
  <testcase classname="com.OrangeHrmTestCases.Tc2_homePageTest" name="homePageValidating" time="8.535"/>
</testsuite> <!-- OhrmApllicationtesting -->
