<?xml version="1.0" encoding="UTF-8"?>
<testng-results ignored="0" total="2" passed="2" failed="0" skipped="0">
  <reporter-output>
  </reporter-output>
  <suite started-at="2024-04-21T17:37:35Z" name="OrangeHrm_Application_Testing" finished-at="2024-04-21T17:38:13Z" duration-ms="38255">
    <groups>
    </groups>
    <test started-at="2024-04-21T17:37:35Z" name="OhrmApllicationtesting" finished-at="2024-04-21T17:38:13Z" duration-ms="38255">
      <class name="com.OrangeHrmTestCases.Tc_001OrangeHrm_LoginPageTestCase">
        <test-method is-config="true" signature="setup()[pri:0, instance:com.OrangeHrmTestCases.Tc_001OrangeHrm_LoginPageTestCase@2f217633]" started-at="2024-04-21T17:37:35Z" name="setup" finished-at="2024-04-21T17:37:51Z" duration-ms="15817" status="PASS">
          <reporter-output>
          </reporter-output>
        </test-method> <!-- setup -->
        <test-method signature="OrangeHrm_LoginPage_Test()[pri:0, instance:com.OrangeHrmTestCases.Tc_001OrangeHrm_LoginPageTestCase@2f217633]" started-at="2024-04-21T17:37:51Z" name="OrangeHrm_LoginPage_Test" finished-at="2024-04-21T17:37:59Z" duration-ms="8561" status="PASS">
          <reporter-output>
          </reporter-output>
        </test-method> <!-- OrangeHrm_LoginPage_Test -->
        <test-method is-config="true" signature="tearDown()[pri:0, instance:com.OrangeHrmTestCases.Tc_001OrangeHrm_LoginPageTestCase@2f217633]" started-at="2024-04-21T17:37:59Z" name="tearDown" finished-at="2024-04-21T17:38:00Z" duration-ms="751" status="PASS">
          <reporter-output>
          </reporter-output>
        </test-method> <!-- tearDown -->
      </class> <!-- com.OrangeHrmTestCases.Tc_001OrangeHrm_LoginPageTestCase -->
      <class name="com.OrangeHrmTestCases.Tc2_homePageTest">
        <test-method is-config="true" signature="setup()[pri:0, instance:com.OrangeHrmTestCases.Tc2_homePageTest@a530d0a]" started-at="2024-04-21T17:38:00Z" name="setup" finished-at="2024-04-21T17:38:04Z" duration-ms="4198" status="PASS">
          <reporter-output>
          </reporter-output>
        </test-method> <!-- setup -->
        <test-method signature="homePageValidating()[pri:0, instance:com.OrangeHrmTestCases.Tc2_homePageTest@a530d0a]" started-at="2024-04-21T17:38:04Z" name="homePageValidating" finished-at="2024-04-21T17:38:13Z" duration-ms="8535" status="PASS">
          <reporter-output>
          </reporter-output>
        </test-method> <!-- homePageValidating -->
        <test-method is-config="true" signature="tearDown()[pri:0, instance:com.OrangeHrmTestCases.Tc2_homePageTest@a530d0a]" started-at="2024-04-21T17:38:13Z" name="tearDown" finished-at="2024-04-21T17:38:13Z" duration-ms="305" status="PASS">
          <reporter-output>
          </reporter-output>
        </test-method> <!-- tearDown -->
      </class> <!-- com.OrangeHrmTestCases.Tc2_homePageTest -->
    </test> <!-- OhrmApllicationtesting -->
  </suite> <!-- OrangeHrm_Application_Testing -->
</testng-results>
